{
  "stats": {
    "suites": 1,
    "tests": 4,
    "passes": 4,
    "pending": 0,
    "failures": 0,
    "start": "2021-10-26T01:49:38.827Z",
    "end": "2021-10-26T01:49:41.860Z",
    "duration": 3033,
    "testsRegistered": 4,
    "passPercent": 100,
    "pendingPercent": 0,
    "other": 0,
    "hasOther": false,
    "skipped": 0,
    "hasSkipped": false,
    "passPercentClass": "success",
    "pendingPercentClass": "danger"
  },
  "suites": {
    "uuid": "6ba1d0ce-1188-4bd3-83e8-b9cca9a9914a",
    "title": "",
    "fullFile": "cypress/integration/Login_test_pass.js",
    "file": "cypress/integration/Login_test_pass.js",
    "beforeHooks": [],
    "afterHooks": [],
    "tests": [],
    "suites": [
      {
        "uuid": "ef4f3f85-5687-4c95-aadd-ec1b934214ea",
        "title": "Login feature of pecode - Unsuccessful login",
        "fullFile": "",
        "file": "",
        "beforeHooks": [],
        "afterHooks": [],
        "tests": [
          {
            "title": "Open the login page and verify the url and title",
            "fullTitle": "Login feature of pecode - Unsuccessful login Open the login page and verify the url and title",
            "duration": 482,
            "state": "passed",
            "speed": "slow",
            "pass": true,
            "fail": false,
            "pending": false,
            "code": "_login_page.default.open(); //Open the login page\n\ncy.wait(300);\ncy.url().should(\"include\", \"pecodesoftware\"); //Assert  the url\ncy.title().should(\"include\", \"Login\"); //Assert the title",
            "err": {},
            "isRoot": false,
            "uuid": "dc958393-cf98-4653-969c-b64fb4e724d6",
            "isHook": false,
            "skipped": false
          },
          {
            "title": "Entering Username and asserts the url it",
            "fullTitle": "Login feature of pecode - Unsuccessful login Entering Username and asserts the url it",
            "duration": 339,
            "state": "passed",
            "speed": "slow",
            "pass": true,
            "fail": false,
            "pending": false,
            "code": "_login_page.default.userName.type('fake@mail.com').should(\"have.value\", \"fake@mail.com\");",
            "err": {},
            "isRoot": false,
            "uuid": "9bd585d8-05b9-4173-a6b1-56b1bf38e277",
            "isHook": false,
            "skipped": false
          },
          {
            "title": "Entering password and verify it",
            "fullTitle": "Login feature of pecode - Unsuccessful login Entering password and verify it",
            "duration": 1197,
            "state": "passed",
            "speed": "slow",
            "pass": true,
            "fail": false,
            "pending": false,
            "code": "_login_page.default.passWord.type('blablabla1998').should(\"have.value\", \"blablabla1998\");\ncy.wait(900);",
            "err": {},
            "isRoot": false,
            "uuid": "a4f9416b-f03f-4ab0-ad75-0fd7aee14091",
            "isHook": false,
            "skipped": false
          },
          {
            "title": "Clicking login button and verify error message ",
            "fullTitle": "Login feature of pecode - Unsuccessful login Clicking login button and verify error message ",
            "duration": 119,
            "state": "passed",
            "speed": "slow",
            "pass": true,
            "fail": false,
            "pending": false,
            "code": "_login_page.default.loginBtn.click();\n_login_page.default.errorBx.should(\"have.text\", \"No account found with that username.\");",
            "err": {},
            "isRoot": false,
            "uuid": "82de34cc-47bd-4791-8b71-cd26aeb26efb",
            "isHook": false,
            "skipped": false
          }
        ],
        "suites": [],
        "passes": [
          "dc958393-cf98-4653-969c-b64fb4e724d6",
          "9bd585d8-05b9-4173-a6b1-56b1bf38e277",
          "a4f9416b-f03f-4ab0-ad75-0fd7aee14091",
          "82de34cc-47bd-4791-8b71-cd26aeb26efb"
        ],
        "failures": [],
        "pending": [],
        "skipped": [],
        "duration": 2137,
        "root": false,
        "rootEmpty": false,
        "_timeout": 2000
      }
    ],
    "passes": [],
    "failures": [],
    "pending": [],
    "skipped": [],
    "duration": 0,
    "root": true,
    "rootEmpty": true,
    "_timeout": 2000
  },
  "copyrightYear": 2021
}