{
  "stats": {
    "suites": 1,
    "tests": 4,
    "passes": 4,
    "pending": 0,
    "failures": 0,
    "start": "2021-10-26T01:33:39.612Z",
    "end": "2021-10-26T01:33:42.505Z",
    "duration": 2893,
    "testsRegistered": 4,
    "passPercent": 100,
    "pendingPercent": 0,
    "other": 0,
    "hasOther": false,
    "skipped": 0,
    "hasSkipped": false,
    "passPercentClass": "success",
    "pendingPercentClass": "danger"
  },
  "suites": {
    "uuid": "60e1ba0f-f874-4aea-85de-2a754c43d288",
    "title": "",
    "fullFile": "cypress/integration/Login_test_pass.js",
    "file": "cypress/integration/Login_test_pass.js",
    "beforeHooks": [],
    "afterHooks": [],
    "tests": [],
    "suites": [
      {
        "uuid": "ccca216a-09b7-4652-9cb3-d3079253715a",
        "title": "Login feature of pecode - Unsuccessful login",
        "fullFile": "",
        "file": "",
        "beforeHooks": [],
        "afterHooks": [],
        "tests": [
          {
            "title": "Open the login page and verify the url and title",
            "fullTitle": "Login feature of pecode - Unsuccessful login Open the login page and verify the url and title",
            "duration": 442,
            "state": "passed",
            "speed": "slow",
            "pass": true,
            "fail": false,
            "pending": false,
            "code": "_login_page.default.open(); //Open the login page\n\ncy.wait(300);\ncy.url().should(\"include\", \"pecodesoftware\"); //Assert  the url\ncy.title().should(\"include\", \"Login\"); //Assert the title",
            "err": {},
            "isRoot": false,
            "uuid": "a439c412-88eb-4702-8587-ef5baee3a18c",
            "isHook": false,
            "skipped": false
          },
          {
            "title": "Entering Username and asserts the url it",
            "fullTitle": "Login feature of pecode - Unsuccessful login Entering Username and asserts the url it",
            "duration": 304,
            "state": "passed",
            "speed": "slow",
            "pass": true,
            "fail": false,
            "pending": false,
            "code": "_login_page.default.userName.type('fake@mail.com').should(\"have.value\", \"fake@mail.com\");",
            "err": {},
            "isRoot": false,
            "uuid": "63ef182f-300c-41cd-ade6-f80e838703e1",
            "isHook": false,
            "skipped": false
          },
          {
            "title": "Entering password and verify it",
            "fullTitle": "Login feature of pecode - Unsuccessful login Entering password and verify it",
            "duration": 1189,
            "state": "passed",
            "speed": "slow",
            "pass": true,
            "fail": false,
            "pending": false,
            "code": "_login_page.default.passWord.type('blablabla1998').should(\"have.value\", \"blablabla1998\");\ncy.wait(900);",
            "err": {},
            "isRoot": false,
            "uuid": "3fb5b8fc-9f6c-4a48-bdd1-b24b9f47ffe3",
            "isHook": false,
            "skipped": false
          },
          {
            "title": "Clicking login button and verify error message ",
            "fullTitle": "Login feature of pecode - Unsuccessful login Clicking login button and verify error message ",
            "duration": 107,
            "state": "passed",
            "speed": "slow",
            "pass": true,
            "fail": false,
            "pending": false,
            "code": "_login_page.default.loginBtn.click();\n_login_page.default.errorBx.should(\"have.text\", \"No account found with that username.\");",
            "err": {},
            "isRoot": false,
            "uuid": "99eb019c-7add-439c-a752-6584ac733a7e",
            "isHook": false,
            "skipped": false
          }
        ],
        "suites": [],
        "passes": [
          "a439c412-88eb-4702-8587-ef5baee3a18c",
          "63ef182f-300c-41cd-ade6-f80e838703e1",
          "3fb5b8fc-9f6c-4a48-bdd1-b24b9f47ffe3",
          "99eb019c-7add-439c-a752-6584ac733a7e"
        ],
        "failures": [],
        "pending": [],
        "skipped": [],
        "duration": 2042,
        "root": false,
        "rootEmpty": false,
        "_timeout": 2000
      }
    ],
    "passes": [],
    "failures": [],
    "pending": [],
    "skipped": [],
    "duration": 0,
    "root": true,
    "rootEmpty": true,
    "_timeout": 2000
  },
  "copyrightYear": 2021
}