{
  "stats": {
    "suites": 1,
    "tests": 3,
    "passes": 3,
    "pending": 0,
    "failures": 0,
    "start": "2021-10-26T01:33:32.955Z",
    "end": "2021-10-26T01:33:35.315Z",
    "duration": 2360,
    "testsRegistered": 3,
    "passPercent": 100,
    "pendingPercent": 0,
    "other": 0,
    "hasOther": false,
    "skipped": 0,
    "hasSkipped": false,
    "passPercentClass": "success",
    "pendingPercentClass": "danger"
  },
  "suites": {
    "uuid": "635428c3-0fd9-4c0c-9ba2-16ceda3f2193",
    "title": "",
    "fullFile": "cypress/integration/Login_test_fail_no_password.js",
    "file": "cypress/integration/Login_test_fail_no_password.js",
    "beforeHooks": [],
    "afterHooks": [],
    "tests": [],
    "suites": [
      {
        "uuid": "76bb5a33-f761-4690-bf35-75afc512516b",
        "title": "Login feature of pecode - Without Password",
        "fullFile": "",
        "file": "",
        "beforeHooks": [],
        "afterHooks": [],
        "tests": [
          {
            "title": "Open the login page and verify the url and title",
            "fullTitle": "Login feature of pecode - Without Password Open the login page and verify the url and title",
            "duration": 623,
            "state": "passed",
            "speed": "slow",
            "pass": true,
            "fail": false,
            "pending": false,
            "code": "_login_page.default.open(); //Open the login page\n\ncy.wait(300);\ncy.url().should(\"include\", \"pecodesoftware\"); //Assert  the url\ncy.title().should(\"include\", \"Login\"); //Assert the title",
            "err": {},
            "isRoot": false,
            "uuid": "c8655161-74a0-4cc0-9659-4c61d43561fb",
            "isHook": false,
            "skipped": false
          },
          {
            "title": "Entering Username and asserts the url it",
            "fullTitle": "Login feature of pecode - Without Password Entering Username and asserts the url it",
            "duration": 302,
            "state": "passed",
            "speed": "slow",
            "pass": true,
            "fail": false,
            "pending": false,
            "code": "_login_page.default.userName.type('fake@mail.com').should(\"have.value\", \"fake@mail.com\");",
            "err": {},
            "isRoot": false,
            "uuid": "d3c59391-7843-4d50-9d95-c84feee5746b",
            "isHook": false,
            "skipped": false
          },
          {
            "title": "Clicking login button and verify error message ",
            "fullTitle": "Login feature of pecode - Without Password Clicking login button and verify error message ",
            "duration": 108,
            "state": "passed",
            "speed": "slow",
            "pass": true,
            "fail": false,
            "pending": false,
            "code": "_login_page.default.loginBtn.click();\n_login_page.default.errorBx.should(\"have.text\", \"Please enter your password.\");",
            "err": {},
            "isRoot": false,
            "uuid": "e48159e1-db84-496b-913d-f7a29735048c",
            "isHook": false,
            "skipped": false
          }
        ],
        "suites": [],
        "passes": [
          "c8655161-74a0-4cc0-9659-4c61d43561fb",
          "d3c59391-7843-4d50-9d95-c84feee5746b",
          "e48159e1-db84-496b-913d-f7a29735048c"
        ],
        "failures": [],
        "pending": [],
        "skipped": [],
        "duration": 1033,
        "root": false,
        "rootEmpty": false,
        "_timeout": 2000
      }
    ],
    "passes": [],
    "failures": [],
    "pending": [],
    "skipped": [],
    "duration": 0,
    "root": true,
    "rootEmpty": true,
    "_timeout": 2000
  },
  "copyrightYear": 2021
}