{
  "stats": {
    "suites": 1,
    "tests": 3,
    "passes": 3,
    "pending": 0,
    "failures": 0,
    "start": "2021-10-26T01:49:28.156Z",
    "end": "2021-10-26T01:49:30.916Z",
    "duration": 2760,
    "testsRegistered": 3,
    "passPercent": 100,
    "pendingPercent": 0,
    "other": 0,
    "hasOther": false,
    "skipped": 0,
    "hasSkipped": false,
    "passPercentClass": "success",
    "pendingPercentClass": "danger"
  },
  "suites": {
    "uuid": "81e74216-2d57-4517-82e3-50a7cfb14881",
    "title": "",
    "fullFile": "cypress/integration/Login_test_fail_no_password.js",
    "file": "cypress/integration/Login_test_fail_no_password.js",
    "beforeHooks": [],
    "afterHooks": [],
    "tests": [],
    "suites": [
      {
        "uuid": "572fdc56-6f71-4f5b-a749-8cbf09415034",
        "title": "Login feature of pecode - Without Password",
        "fullFile": "",
        "file": "",
        "beforeHooks": [],
        "afterHooks": [],
        "tests": [
          {
            "title": "Open the login page and verify the url and title",
            "fullTitle": "Login feature of pecode - Without Password Open the login page and verify the url and title",
            "duration": 624,
            "state": "passed",
            "speed": "slow",
            "pass": true,
            "fail": false,
            "pending": false,
            "code": "_login_page.default.open(); //Open the login page\n\ncy.wait(300);\ncy.url().should(\"include\", \"pecodesoftware\"); //Assert  the url\ncy.title().should(\"include\", \"Login\"); //Assert the title",
            "err": {},
            "isRoot": false,
            "uuid": "e246a8a5-b7fd-47c2-bbb1-5496b61b83e8",
            "isHook": false,
            "skipped": false
          },
          {
            "title": "Entering Username and asserts the url it",
            "fullTitle": "Login feature of pecode - Without Password Entering Username and asserts the url it",
            "duration": 318,
            "state": "passed",
            "speed": "slow",
            "pass": true,
            "fail": false,
            "pending": false,
            "code": "_login_page.default.userName.type('fake@mail.com').should(\"have.value\", \"fake@mail.com\");",
            "err": {},
            "isRoot": false,
            "uuid": "9a2e5e1d-3593-465e-8111-70a84b9eb0d6",
            "isHook": false,
            "skipped": false
          },
          {
            "title": "Clicking login button and verify error message ",
            "fullTitle": "Login feature of pecode - Without Password Clicking login button and verify error message ",
            "duration": 168,
            "state": "passed",
            "speed": "slow",
            "pass": true,
            "fail": false,
            "pending": false,
            "code": "_login_page.default.loginBtn.click();\n_login_page.default.errorBx.should(\"have.text\", \"Please enter your password.\");",
            "err": {},
            "isRoot": false,
            "uuid": "f0d9f263-8277-45d2-862a-dfef0e1d223f",
            "isHook": false,
            "skipped": false
          }
        ],
        "suites": [],
        "passes": [
          "e246a8a5-b7fd-47c2-bbb1-5496b61b83e8",
          "9a2e5e1d-3593-465e-8111-70a84b9eb0d6",
          "f0d9f263-8277-45d2-862a-dfef0e1d223f"
        ],
        "failures": [],
        "pending": [],
        "skipped": [],
        "duration": 1110,
        "root": false,
        "rootEmpty": false,
        "_timeout": 2000
      }
    ],
    "passes": [],
    "failures": [],
    "pending": [],
    "skipped": [],
    "duration": 0,
    "root": true,
    "rootEmpty": true,
    "_timeout": 2000
  },
  "copyrightYear": 2021
}