{
  "stats": {
    "suites": 1,
    "tests": 3,
    "passes": 3,
    "pending": 0,
    "failures": 0,
    "start": "2021-10-26T01:47:52.732Z",
    "end": "2021-10-26T01:47:55.346Z",
    "duration": 2614,
    "testsRegistered": 3,
    "passPercent": 100,
    "pendingPercent": 0,
    "other": 0,
    "hasOther": false,
    "skipped": 0,
    "hasSkipped": false,
    "passPercentClass": "success",
    "pendingPercentClass": "danger"
  },
  "suites": {
    "uuid": "3dc85724-b3af-42a2-996a-ee0c35403f69",
    "title": "",
    "fullFile": "cypress/integration/Login_test_fail_no_username.js",
    "file": "cypress/integration/Login_test_fail_no_username.js",
    "beforeHooks": [],
    "afterHooks": [],
    "tests": [],
    "suites": [
      {
        "uuid": "fc92c47d-c800-4321-b393-a53b4e7b8184",
        "title": "Login feature of pecode - Without username",
        "fullFile": "",
        "file": "",
        "beforeHooks": [],
        "afterHooks": [],
        "tests": [
          {
            "title": "Open the login page and verify the url and title",
            "fullTitle": "Login feature of pecode - Without username Open the login page and verify the url and title",
            "duration": 499,
            "state": "passed",
            "speed": "slow",
            "pass": true,
            "fail": false,
            "pending": false,
            "code": "_login_page.default.open(); //Open the login page\n\ncy.wait(300);\ncy.url().should(\"include\", \"pecodesoftware\"); //Assert  the url\ncy.title().should(\"include\", \"Login\"); //Assert the title",
            "err": {},
            "isRoot": false,
            "uuid": "15d9184f-b573-4017-a019-a0e81f47f7e0",
            "isHook": false,
            "skipped": false
          },
          {
            "title": "Entering password and verify it",
            "fullTitle": "Login feature of pecode - Without username Entering password and verify it",
            "duration": 1209,
            "state": "passed",
            "speed": "slow",
            "pass": true,
            "fail": false,
            "pending": false,
            "code": "_login_page.default.passWord.type('blablabla1998').should(\"have.value\", \"blablabla1998\");\ncy.wait(900);",
            "err": {},
            "isRoot": false,
            "uuid": "80c32a44-3ebb-4b17-975b-d8c19bc98044",
            "isHook": false,
            "skipped": false
          },
          {
            "title": "Clicking login button and verify error message ",
            "fullTitle": "Login feature of pecode - Without username Clicking login button and verify error message ",
            "duration": 110,
            "state": "passed",
            "speed": "slow",
            "pass": true,
            "fail": false,
            "pending": false,
            "code": "_login_page.default.loginBtn.click();\n_login_page.default.errorBx.should(\"have.text\", \"Please enter username.\");",
            "err": {},
            "isRoot": false,
            "uuid": "8ec81d9a-a3da-4f11-aac4-1b87e7743b41",
            "isHook": false,
            "skipped": false
          }
        ],
        "suites": [],
        "passes": [
          "15d9184f-b573-4017-a019-a0e81f47f7e0",
          "80c32a44-3ebb-4b17-975b-d8c19bc98044",
          "8ec81d9a-a3da-4f11-aac4-1b87e7743b41"
        ],
        "failures": [],
        "pending": [],
        "skipped": [],
        "duration": 1818,
        "root": false,
        "rootEmpty": false,
        "_timeout": 2000
      }
    ],
    "passes": [],
    "failures": [],
    "pending": [],
    "skipped": [],
    "duration": 0,
    "root": true,
    "rootEmpty": true,
    "_timeout": 2000
  },
  "copyrightYear": 2021
}