{
  "stats": {
    "suites": 1,
    "tests": 4,
    "passes": 4,
    "pending": 0,
    "failures": 0,
    "start": "2021-10-26T01:47:56.230Z",
    "end": "2021-10-26T01:47:59.086Z",
    "duration": 2856,
    "testsRegistered": 4,
    "passPercent": 100,
    "pendingPercent": 0,
    "other": 0,
    "hasOther": false,
    "skipped": 0,
    "hasSkipped": false,
    "passPercentClass": "success",
    "pendingPercentClass": "danger"
  },
  "suites": {
    "uuid": "f3634363-d422-4d30-b596-061885e46a96",
    "title": "",
    "fullFile": "cypress/integration/Login_test_pass.js",
    "file": "cypress/integration/Login_test_pass.js",
    "beforeHooks": [],
    "afterHooks": [],
    "tests": [],
    "suites": [
      {
        "uuid": "07171ec6-7088-4766-ab9c-76e3b0b25738",
        "title": "Login feature of pecode - Unsuccessful login",
        "fullFile": "",
        "file": "",
        "beforeHooks": [],
        "afterHooks": [],
        "tests": [
          {
            "title": "Open the login page and verify the url and title",
            "fullTitle": "Login feature of pecode - Unsuccessful login Open the login page and verify the url and title",
            "duration": 455,
            "state": "passed",
            "speed": "slow",
            "pass": true,
            "fail": false,
            "pending": false,
            "code": "_login_page.default.open(); //Open the login page\n\ncy.wait(300);\ncy.url().should(\"include\", \"pecodesoftware\"); //Assert  the url\ncy.title().should(\"include\", \"Login\"); //Assert the title",
            "err": {},
            "isRoot": false,
            "uuid": "a04abd4e-c2d2-4149-9c35-becb754fab6b",
            "isHook": false,
            "skipped": false
          },
          {
            "title": "Entering Username and asserts the url it",
            "fullTitle": "Login feature of pecode - Unsuccessful login Entering Username and asserts the url it",
            "duration": 301,
            "state": "passed",
            "speed": "slow",
            "pass": true,
            "fail": false,
            "pending": false,
            "code": "_login_page.default.userName.type('fake@mail.com').should(\"have.value\", \"fake@mail.com\");",
            "err": {},
            "isRoot": false,
            "uuid": "74420291-5474-4a57-b45c-ffaa00e9a2af",
            "isHook": false,
            "skipped": false
          },
          {
            "title": "Entering password and verify it",
            "fullTitle": "Login feature of pecode - Unsuccessful login Entering password and verify it",
            "duration": 1186,
            "state": "passed",
            "speed": "slow",
            "pass": true,
            "fail": false,
            "pending": false,
            "code": "_login_page.default.passWord.type('blablabla1998').should(\"have.value\", \"blablabla1998\");\ncy.wait(900);",
            "err": {},
            "isRoot": false,
            "uuid": "29ed8dc8-00d3-4e64-903b-2aa112da8fd1",
            "isHook": false,
            "skipped": false
          },
          {
            "title": "Clicking login button and verify error message ",
            "fullTitle": "Login feature of pecode - Unsuccessful login Clicking login button and verify error message ",
            "duration": 104,
            "state": "passed",
            "speed": "slow",
            "pass": true,
            "fail": false,
            "pending": false,
            "code": "_login_page.default.loginBtn.click();\n_login_page.default.errorBx.should(\"have.text\", \"No account found with that username.\");",
            "err": {},
            "isRoot": false,
            "uuid": "48228265-c77a-4b07-9c35-518a0fd4c264",
            "isHook": false,
            "skipped": false
          }
        ],
        "suites": [],
        "passes": [
          "a04abd4e-c2d2-4149-9c35-becb754fab6b",
          "74420291-5474-4a57-b45c-ffaa00e9a2af",
          "29ed8dc8-00d3-4e64-903b-2aa112da8fd1",
          "48228265-c77a-4b07-9c35-518a0fd4c264"
        ],
        "failures": [],
        "pending": [],
        "skipped": [],
        "duration": 2046,
        "root": false,
        "rootEmpty": false,
        "_timeout": 2000
      }
    ],
    "passes": [],
    "failures": [],
    "pending": [],
    "skipped": [],
    "duration": 0,
    "root": true,
    "rootEmpty": true,
    "_timeout": 2000
  },
  "copyrightYear": 2021
}