{
  "stats": {
    "suites": 1,
    "tests": 4,
    "passes": 4,
    "pending": 0,
    "failures": 0,
    "start": "2021-10-26T01:44:51.701Z",
    "end": "2021-10-26T01:44:54.567Z",
    "duration": 2866,
    "testsRegistered": 4,
    "passPercent": 100,
    "pendingPercent": 0,
    "other": 0,
    "hasOther": false,
    "skipped": 0,
    "hasSkipped": false,
    "passPercentClass": "success",
    "pendingPercentClass": "danger"
  },
  "suites": {
    "uuid": "a321188c-fe80-46fd-9e83-b32cf5fc41bb",
    "title": "",
    "fullFile": "cypress/integration/Login_test_pass.js",
    "file": "cypress/integration/Login_test_pass.js",
    "beforeHooks": [],
    "afterHooks": [],
    "tests": [],
    "suites": [
      {
        "uuid": "c4e18c32-1c2b-4225-bf24-db9c9fd7591e",
        "title": "Login feature of pecode - Unsuccessful login",
        "fullFile": "",
        "file": "",
        "beforeHooks": [],
        "afterHooks": [],
        "tests": [
          {
            "title": "Open the login page and verify the url and title",
            "fullTitle": "Login feature of pecode - Unsuccessful login Open the login page and verify the url and title",
            "duration": 447,
            "state": "passed",
            "speed": "slow",
            "pass": true,
            "fail": false,
            "pending": false,
            "code": "_login_page.default.open(); //Open the login page\n\ncy.wait(300);\ncy.url().should(\"include\", \"pecodesoftware\"); //Assert  the url\ncy.title().should(\"include\", \"Login\"); //Assert the title",
            "err": {},
            "isRoot": false,
            "uuid": "0cd71a47-5cde-4e23-8760-f619a9fe4c33",
            "isHook": false,
            "skipped": false
          },
          {
            "title": "Entering Username and asserts the url it",
            "fullTitle": "Login feature of pecode - Unsuccessful login Entering Username and asserts the url it",
            "duration": 302,
            "state": "passed",
            "speed": "slow",
            "pass": true,
            "fail": false,
            "pending": false,
            "code": "_login_page.default.userName.type('fake@mail.com').should(\"have.value\", \"fake@mail.com\");",
            "err": {},
            "isRoot": false,
            "uuid": "4a113455-39ba-4600-8912-91711ba56e31",
            "isHook": false,
            "skipped": false
          },
          {
            "title": "Entering password and verify it",
            "fullTitle": "Login feature of pecode - Unsuccessful login Entering password and verify it",
            "duration": 1186,
            "state": "passed",
            "speed": "slow",
            "pass": true,
            "fail": false,
            "pending": false,
            "code": "_login_page.default.passWord.type('blablabla1998').should(\"have.value\", \"blablabla1998\");\ncy.wait(900);",
            "err": {},
            "isRoot": false,
            "uuid": "790da0f9-31c3-4a2c-aff5-2dbf6a9baf83",
            "isHook": false,
            "skipped": false
          },
          {
            "title": "Clicking login button and verify error message ",
            "fullTitle": "Login feature of pecode - Unsuccessful login Clicking login button and verify error message ",
            "duration": 110,
            "state": "passed",
            "speed": "slow",
            "pass": true,
            "fail": false,
            "pending": false,
            "code": "_login_page.default.loginBtn.click();\n_login_page.default.errorBx.should(\"have.text\", \"No account found with that username.\");",
            "err": {},
            "isRoot": false,
            "uuid": "c80023ad-0e77-4347-878d-c26d091648c7",
            "isHook": false,
            "skipped": false
          }
        ],
        "suites": [],
        "passes": [
          "0cd71a47-5cde-4e23-8760-f619a9fe4c33",
          "4a113455-39ba-4600-8912-91711ba56e31",
          "790da0f9-31c3-4a2c-aff5-2dbf6a9baf83",
          "c80023ad-0e77-4347-878d-c26d091648c7"
        ],
        "failures": [],
        "pending": [],
        "skipped": [],
        "duration": 2045,
        "root": false,
        "rootEmpty": false,
        "_timeout": 2000
      }
    ],
    "passes": [],
    "failures": [],
    "pending": [],
    "skipped": [],
    "duration": 0,
    "root": true,
    "rootEmpty": true,
    "_timeout": 2000
  },
  "copyrightYear": 2021
}